{"/root/server/src/feature/createAndRegisterDidIndy.ts": {"path":"/root/server/src/feature/createAndRegisterDidIndy.ts","statementMap":{"0":{"start":{"line":12,"column":18},"end":{"line":12,"column":null}},"1":{"start":{"line":13,"column":2},"end":{"line":22,"column":null}},"2":{"start":{"line":23,"column":2},"end":{"line":23,"column":null}},"3":{"start":{"line":27,"column":29},"end":{"line":35,"column":9}},"4":{"start":{"line":36,"column":2},"end":{"line":36,"column":null}}},"fnMap":{"0":{"name":"createAndRegisterDidIndy","decl":{"start":{"line":11,"column":30},"end":{"line":11,"column":55}},"loc":{"start":{"line":11,"column":83},"end":{"line":24,"column":null}}},"1":{"name":"createDidIndy","decl":{"start":{"line":26,"column":22},"end":{"line":26,"column":36}},"loc":{"start":{"line":26,"column":48},"end":{"line":37,"column":null}}}},"branchMap":{},"s":{"0":0,"1":0,"2":0,"3":1,"4":1},"f":{"0":0,"1":1},"b":{}}
,"/root/server/src/util/fetch.ts": {"path":"/root/server/src/util/fetch.ts","statementMap":{"0":{"start":{"line":7,"column":2},"end":{"line":7,"column":null}},"1":{"start":{"line":11,"column":19},"end":{"line":11,"column":null}},"2":{"start":{"line":12,"column":2},"end":{"line":12,"column":null}}},"fnMap":{"0":{"name":"fetchJson","decl":{"start":{"line":3,"column":30},"end":{"line":3,"column":null}},"loc":{"start":{"line":5,"column":39},"end":{"line":8,"column":null}}},"1":{"name":"fetchText","decl":{"start":{"line":10,"column":22},"end":{"line":10,"column":35}},"loc":{"start":{"line":10,"column":46},"end":{"line":13,"column":null}}}},"branchMap":{},"s":{"0":1,"1":0,"2":0},"f":{"0":1,"1":0},"b":{}}
}
